# Logfile created on Tue Jan 12 13:18:35 -0600 2010** SubdomainFu: initialized properly
  [4;36;1mSQL (0.2ms)[0m   [0;1mSET NAMES 'utf8'[0m
  [4;35;1mSQL (0.1ms)[0m   [0mSET SQL_AUTO_IS_NULL=0[0m


Processing AgenciesController#show (for 127.0.0.1 at 2010-01-12 13:18:39) [GET]
  Parameters: {"action"=>"show", "controller"=>"agencies"}
  [4;36;1mAgency Load (0.5ms)[0m   [0;1mSELECT * FROM `agencies` ORDER BY agencies.domain = 'localhost' DESC, agencies.subdomain IS NULL DESC, agencies.master_agency = 1 DESC, agencies.id ASC LIMIT 1[0m
  [4;35;1mAgency Columns (1.4ms)[0m   [0mSHOW FIELDS FROM `agencies`[0m
  [4;36;1mProperty Load (0.5ms)[0m   [0;1mSELECT `properties`.* FROM `properties` WHERE (`properties`.agency_id = 5) [0m
  [4;35;1mCACHE (0.0ms)[0m   [0mSELECT * FROM `agencies` ORDER BY agencies.domain = 'localhost' DESC, agencies.subdomain IS NULL DESC, agencies.master_agency = 1 DESC, agencies.id ASC LIMIT 1[0m
  [4;36;1mCACHE (0.0ms)[0m   [0;1mSELECT `properties`.* FROM `properties` WHERE (`properties`.agency_id = 5) [0m
  [4;35;1mCACHE (0.0ms)[0m   [0mSELECT * FROM `agencies` ORDER BY agencies.domain = 'localhost' DESC, agencies.subdomain IS NULL DESC, agencies.master_agency = 1 DESC, agencies.id ASC LIMIT 1[0m
  [4;36;1mCACHE (0.0ms)[0m   [0;1mSELECT `properties`.* FROM `properties` WHERE (`properties`.agency_id = 5) [0m
  [4;35;1mSiteText Load (0.2ms)[0m   [0mSELECT * FROM `site_texts` WHERE (`site_texts`.agency_id = 5) [0m
  [4;36;1mCACHE (0.0ms)[0m   [0;1mSELECT * FROM `agencies` ORDER BY agencies.domain = 'localhost' DESC, agencies.subdomain IS NULL DESC, agencies.master_agency = 1 DESC, agencies.id ASC LIMIT 1[0m
  [4;35;1mCACHE (0.0ms)[0m   [0mSELECT `properties`.* FROM `properties` WHERE (`properties`.agency_id = 5) [0m
  [4;36;1mListing Columns (1.7ms)[0m   [0;1mSHOW FIELDS FROM `listings`[0m
  [4;35;1mListing Load (4.0ms)[0m   [0mSELECT * FROM `listings` [0m
  [4;36;1mProperty Columns (1.3ms)[0m   [0;1mSHOW FIELDS FROM `properties`[0m
  [4;35;1mProperty Load (0.1ms)[0m   [0mSELECT * FROM `properties` WHERE (`properties`.`id` IN (1,2,3)) [0m
  [4;36;1mAgency Load (0.1ms)[0m   [0;1mSELECT * FROM `agencies` WHERE (`agencies`.`id` IN (1,2)) [0m
  [4;35;1mPropertyImage Columns (1.2ms)[0m   [0mSHOW FIELDS FROM `images`[0m
  [4;36;1mPropertyImage Load (0.1ms)[0m   [0;1mSELECT `images`.* FROM `images` WHERE (`images`.`imageable_id` IN (1,2,3) and `images`.`imageable_type` = 'Property') AND ( (`images`.`type` = 'PropertyImage' ) ) ORDER BY position ASC[0m
  [4;35;1mPropertyImage Load (0.1ms)[0m   [0mSELECT * FROM `images` WHERE (`images`.imageable_id = 1 AND `images`.imageable_type = 'Listing') AND ( (`images`.`type` = 'PropertyImage' ) ) ORDER BY position ASC[0m
  [4;36;1mPropertyImage Load (0.1ms)[0m   [0;1mSELECT * FROM `images` WHERE (`images`.imageable_id = 2 AND `images`.imageable_type = 'Listing') AND ( (`images`.`type` = 'PropertyImage' ) ) ORDER BY position ASC[0m
  [4;35;1mPropertyImage Load (0.1ms)[0m   [0mSELECT * FROM `images` WHERE (`images`.imageable_id = 3 AND `images`.imageable_type = 'Listing') AND ( (`images`.`type` = 'PropertyImage' ) ) ORDER BY position ASC[0m
  [4;36;1mPropertyImage Load (0.1ms)[0m   [0;1mSELECT * FROM `images` WHERE (`images`.imageable_id = 4 AND `images`.imageable_type = 'Listing') AND ( (`images`.`type` = 'PropertyImage' ) ) ORDER BY position ASC[0m
  [4;35;1mCACHE (0.0ms)[0m   [0mSELECT * FROM `agencies` ORDER BY agencies.domain = 'localhost' DESC, agencies.subdomain IS NULL DESC, agencies.master_agency = 1 DESC, agencies.id ASC LIMIT 1[0m
  [4;36;1mCACHE (0.0ms)[0m   [0;1mSELECT `properties`.* FROM `properties` WHERE (`properties`.agency_id = 5) [0m
Rendering template within layouts/agencies
Rendering agencies/show
  [4;35;1mMarket Columns (1.2ms)[0m   [0mSHOW FIELDS FROM `markets`[0m
  [4;36;1mMarket Load (0.2ms)[0m   [0;1mSELECT `markets`.* FROM `markets` INNER JOIN `agency_jurisdictions` ON `markets`.id = `agency_jurisdictions`.market_id WHERE ((`agency_jurisdictions`.agency_id = 5)) ORDER BY agency_jurisdictions.primary_market DESC, markets.country_id ASC, markets.name ASC[0m
  [4;35;1mAgencyImage Columns (1.2ms)[0m   [0mSHOW FIELDS FROM `images`[0m
  [4;36;1mAgencyImage Load (0.1ms)[0m   [0;1mSELECT * FROM `images` WHERE (`images`.imageable_id = 5 AND `images`.imageable_type = 'Agency') AND ( (`images`.`type` = 'AgencyImage' ) ) ORDER BY position ASC[0m
  [4;35;1mUser Columns (1.9ms)[0m   [0mSHOW FIELDS FROM `users`[0m
Rendered layouts/_user_bar (147.9ms)
  [4;36;1mAgencyLogo Columns (1.2ms)[0m   [0;1mSHOW FIELDS FROM `images`[0m
  [4;35;1mAgencyLogo Load (0.1ms)[0m   [0mSELECT * FROM `images` WHERE (`images`.imageable_id = 5 AND `images`.imageable_type = 'Agency') AND ( (`images`.`type` = 'AgencyLogo' ) ) ORDER BY position ASC[0m
  [4;36;1mAgent Columns (0.9ms)[0m   [0;1mSHOW FIELDS FROM `agents`[0m
  [4;35;1mUserIcon Columns (1.2ms)[0m   [0mSHOW FIELDS FROM `images`[0m
  [4;36;1mListing Load IDs For Limited Eager Loading (0.1ms)[0m   [0;1mSELECT DISTINCT `listings`.id FROM `listings` LEFT OUTER JOIN `properties` ON `properties`.id = `listings`.property_id WHERE ((`listings`.`listing_type_id` = 1) AND (properties.agency_id = 5)) ORDER BY `listings`.`property_id` LIMIT 7[0m
Rendered layouts/_header_large (271.4ms)
  [4;35;1mCountry Columns (1.0ms)[0m   [0mSHOW FIELDS FROM `countries`[0m
  [4;36;1mCountry Load (0.1ms)[0m   [0;1mSELECT * FROM `countries` WHERE (`countries`.`id` = 2) [0m
  [4;35;1mAgency Load (0.2ms)[0m   [0mSELECT * FROM `agencies` [0m
Rendered layouts/_site_nav (58.5ms)
Rendered layouts/_footer (0.9ms)
Completed in 800ms (View: 467, DB: 21) | 200 OK [http://localhost/]
  [4;36;1mSQL (0.1ms)[0m   [0;1mSET NAMES 'utf8'[0m
  [4;35;1mSQL (0.1ms)[0m   [0mSET SQL_AUTO_IS_NULL=0[0m


Processing AgenciesController#show (for 127.0.0.1 at 2010-01-12 13:18:44) [GET]
  Parameters: {"action"=>"show", "controller"=>"agencies"}
  [4;36;1mAgency Load (0.2ms)[0m   [0;1mSELECT * FROM `agencies` ORDER BY agencies.domain = 'localhost' DESC, agencies.subdomain IS NULL DESC, agencies.master_agency = 1 DESC, agencies.id ASC LIMIT 1[0m
  [4;35;1mAgency Columns (1.1ms)[0m   [0mSHOW FIELDS FROM `agencies`[0m
  [4;36;1mProperty Load (0.2ms)[0m   [0;1mSELECT `properties`.* FROM `properties` WHERE (`properties`.agency_id = 5) [0m
  [4;35;1mCACHE (0.0ms)[0m   [0mSELECT * FROM `agencies` ORDER BY agencies.domain = 'localhost' DESC, agencies.subdomain IS NULL DESC, agencies.master_agency = 1 DESC, agencies.id ASC LIMIT 1[0m
  [4;36;1mCACHE (0.0ms)[0m   [0;1mSELECT `properties`.* FROM `properties` WHERE (`properties`.agency_id = 5) [0m
  [4;35;1mCACHE (0.0ms)[0m   [0mSELECT * FROM `agencies` ORDER BY agencies.domain = 'localhost' DESC, agencies.subdomain IS NULL DESC, agencies.master_agency = 1 DESC, agencies.id ASC LIMIT 1[0m
  [4;36;1mCACHE (0.0ms)[0m   [0;1mSELECT `properties`.* FROM `properties` WHERE (`properties`.agency_id = 5) [0m
  [4;35;1mSiteText Load (0.1ms)[0m   [0mSELECT * FROM `site_texts` WHERE (`site_texts`.agency_id = 5) [0m
  [4;36;1mCACHE (0.0ms)[0m   [0;1mSELECT * FROM `agencies` ORDER BY agencies.domain = 'localhost' DESC, agencies.subdomain IS NULL DESC, agencies.master_agency = 1 DESC, agencies.id ASC LIMIT 1[0m
  [4;35;1mCACHE (0.0ms)[0m   [0mSELECT `properties`.* FROM `properties` WHERE (`properties`.agency_id = 5) [0m
  [4;36;1mListing Columns (1.5ms)[0m   [0;1mSHOW FIELDS FROM `listings`[0m
  [4;35;1mListing Load (0.2ms)[0m   [0mSELECT * FROM `listings` [0m
  [4;36;1mProperty Columns (1.2ms)[0m   [0;1mSHOW FIELDS FROM `properties`[0m
  [4;35;1mProperty Load (0.2ms)[0m   [0mSELECT * FROM `properties` WHERE (`properties`.`id` IN (1,2,3)) [0m
  [4;36;1mAgency Load (0.1ms)[0m   [0;1mSELECT * FROM `agencies` WHERE (`agencies`.`id` IN (1,2)) [0m
  [4;35;1mPropertyImage Columns (1.3ms)[0m   [0mSHOW FIELDS FROM `images`[0m
  [4;36;1mPropertyImage Load (0.1ms)[0m   [0;1mSELECT `images`.* FROM `images` WHERE (`images`.`imageable_id` IN (1,2,3) and `images`.`imageable_type` = 'Property') AND ( (`images`.`type` = 'PropertyImage' ) ) ORDER BY position ASC[0m
  [4;35;1mPropertyImage Load (0.1ms)[0m   [0mSELECT * FROM `images` WHERE (`images`.imageable_id = 1 AND `images`.imageable_type = 'Listing') AND ( (`images`.`type` = 'PropertyImage' ) ) ORDER BY position ASC[0m
  [4;36;1mPropertyImage Load (0.1ms)[0m   [0;1mSELECT * FROM `images` WHERE (`images`.imageable_id = 2 AND `images`.imageable_type = 'Listing') AND ( (`images`.`type` = 'PropertyImage' ) ) ORDER BY position ASC[0m
  [4;35;1mPropertyImage Load (0.1ms)[0m   [0mSELECT * FROM `images` WHERE (`images`.imageable_id = 3 AND `images`.imageable_type = 'Listing') AND ( (`images`.`type` = 'PropertyImage' ) ) ORDER BY position ASC[0m
  [4;36;1mPropertyImage Load (0.1ms)[0m   [0;1mSELECT * FROM `images` WHERE (`images`.imageable_id = 4 AND `images`.imageable_type = 'Listing') AND ( (`images`.`type` = 'PropertyImage' ) ) ORDER BY position ASC[0m
  [4;35;1mCACHE (0.0ms)[0m   [0mSELECT * FROM `agencies` ORDER BY agencies.domain = 'localhost' DESC, agencies.subdomain IS NULL DESC, agencies.master_agency = 1 DESC, agencies.id ASC LIMIT 1[0m
  [4;36;1mCACHE (0.0ms)[0m   [0;1mSELECT `properties`.* FROM `properties` WHERE (`properties`.agency_id = 5) [0m
Rendering template within layouts/agencies
Rendering agencies/show
  [4;35;1mMarket Columns (1.1ms)[0m   [0mSHOW FIELDS FROM `markets`[0m
  [4;36;1mMarket Load (0.1ms)[0m   [0;1mSELECT `markets`.* FROM `markets` INNER JOIN `agency_jurisdictions` ON `markets`.id = `agency_jurisdictions`.market_id WHERE ((`agency_jurisdictions`.agency_id = 5)) ORDER BY agency_jurisdictions.primary_market DESC, markets.country_id ASC, markets.name ASC[0m
  [4;35;1mAgencyImage Columns (1.3ms)[0m   [0mSHOW FIELDS FROM `images`[0m
  [4;36;1mAgencyImage Load (0.2ms)[0m   [0;1mSELECT * FROM `images` WHERE (`images`.imageable_id = 5 AND `images`.imageable_type = 'Agency') AND ( (`images`.`type` = 'AgencyImage' ) ) ORDER BY position ASC[0m
  [4;35;1mUser Columns (1.8ms)[0m   [0mSHOW FIELDS FROM `users`[0m
Rendered layouts/_user_bar (44.2ms)
  [4;36;1mAgencyLogo Columns (1.2ms)[0m   [0;1mSHOW FIELDS FROM `images`[0m
  [4;35;1mAgencyLogo Load (0.2ms)[0m   [0mSELECT * FROM `images` WHERE (`images`.imageable_id = 5 AND `images`.imageable_type = 'Agency') AND ( (`images`.`type` = 'AgencyLogo' ) ) ORDER BY position ASC[0m
  [4;36;1mAgent Columns (0.9ms)[0m   [0;1mSHOW FIELDS FROM `agents`[0m
  [4;35;1mUserIcon Columns (1.1ms)[0m   [0mSHOW FIELDS FROM `images`[0m
  [4;36;1mListing Load IDs For Limited Eager Loading (0.2ms)[0m   [0;1mSELECT DISTINCT `listings`.id FROM `listings` LEFT OUTER JOIN `properties` ON `properties`.id = `listings`.property_id WHERE ((`listings`.`listing_type_id` = 1) AND (properties.agency_id = 5)) ORDER BY `listings`.`property_id` LIMIT 7[0m
Rendered layouts/_header_large (141.0ms)
  [4;35;1mCountry Columns (1.1ms)[0m   [0mSHOW FIELDS FROM `countries`[0m
  [4;36;1mCountry Load (0.1ms)[0m   [0;1mSELECT * FROM `countries` WHERE (`countries`.`id` = 2) [0m
  [4;35;1mAgency Load (0.1ms)[0m   [0mSELECT * FROM `agencies` [0m
Rendered layouts/_site_nav (51.6ms)
Rendered layouts/_footer (0.2ms)
Completed in 548ms (View: 319, DB: 16) | 200 OK [http://localhost/]
  [4;36;1mSQL (0.1ms)[0m   [0;1mSET NAMES 'utf8'[0m
  [4;35;1mSQL (0.1ms)[0m   [0mSET SQL_AUTO_IS_NULL=0[0m


Processing ListingsController#index (for 127.0.0.1 at 2010-01-12 13:18:50) [GET]
  Parameters: {"action"=>"index", "controller"=>"listings", "search"=>"Costa Rica--property--for sale"}
  [4;36;1mAgency Load (0.2ms)[0m   [0;1mSELECT * FROM `agencies` ORDER BY agencies.domain = 'localhost' DESC, agencies.subdomain IS NULL DESC, agencies.master_agency = 1 DESC, agencies.id ASC LIMIT 1[0m
  [4;35;1mAgency Columns (1.2ms)[0m   [0mSHOW FIELDS FROM `agencies`[0m
  [4;36;1mProperty Load (0.2ms)[0m   [0;1mSELECT `properties`.* FROM `properties` WHERE (`properties`.agency_id = 5) [0m
  [4;35;1mCACHE (0.0ms)[0m   [0mSELECT * FROM `agencies` ORDER BY agencies.domain = 'localhost' DESC, agencies.subdomain IS NULL DESC, agencies.master_agency = 1 DESC, agencies.id ASC LIMIT 1[0m
  [4;36;1mCACHE (0.0ms)[0m   [0;1mSELECT `properties`.* FROM `properties` WHERE (`properties`.agency_id = 5) [0m
  [4;35;1mCACHE (0.0ms)[0m   [0mSELECT * FROM `agencies` ORDER BY agencies.domain = 'localhost' DESC, agencies.subdomain IS NULL DESC, agencies.master_agency = 1 DESC, agencies.id ASC LIMIT 1[0m
  [4;36;1mCACHE (0.0ms)[0m   [0;1mSELECT `properties`.* FROM `properties` WHERE (`properties`.agency_id = 5) [0m
  [4;35;1mSiteText Load (0.1ms)[0m   [0mSELECT * FROM `site_texts` WHERE (`site_texts`.agency_id = 5) [0m
  [4;36;1mCACHE (0.0ms)[0m   [0;1mSELECT * FROM `agencies` ORDER BY agencies.domain = 'localhost' DESC, agencies.subdomain IS NULL DESC, agencies.master_agency = 1 DESC, agencies.id ASC LIMIT 1[0m
  [4;35;1mCACHE (0.0ms)[0m   [0mSELECT `properties`.* FROM `properties` WHERE (`properties`.agency_id = 5) [0m
  [4;36;1mListing Columns (1.5ms)[0m   [0;1mSHOW FIELDS FROM `listings`[0m
  [4;35;1mListing Load (0.2ms)[0m   [0mSELECT * FROM `listings` [0m
  [4;36;1mProperty Columns (1.3ms)[0m   [0;1mSHOW FIELDS FROM `properties`[0m
  [4;35;1mProperty Load (0.6ms)[0m   [0mSELECT * FROM `properties` WHERE (`properties`.`id` IN (1,2,3)) [0m
  [4;36;1mAgency Load (0.1ms)[0m   [0;1mSELECT * FROM `agencies` WHERE (`agencies`.`id` IN (1,2)) [0m
  [4;35;1mPropertyImage Columns (1.3ms)[0m   [0mSHOW FIELDS FROM `images`[0m
  [4;36;1mPropertyImage Load (0.1ms)[0m   [0;1mSELECT `images`.* FROM `images` WHERE (`images`.`imageable_id` IN (1,2,3) and `images`.`imageable_type` = 'Property') AND ( (`images`.`type` = 'PropertyImage' ) ) ORDER BY position ASC[0m
  [4;35;1mPropertyImage Load (0.2ms)[0m   [0mSELECT * FROM `images` WHERE (`images`.imageable_id = 1 AND `images`.imageable_type = 'Listing') AND ( (`images`.`type` = 'PropertyImage' ) ) ORDER BY position ASC[0m
  [4;36;1mPropertyImage Load (0.2ms)[0m   [0;1mSELECT * FROM `images` WHERE (`images`.imageable_id = 2 AND `images`.imageable_type = 'Listing') AND ( (`images`.`type` = 'PropertyImage' ) ) ORDER BY position ASC[0m
  [4;35;1mPropertyImage Load (0.1ms)[0m   [0mSELECT * FROM `images` WHERE (`images`.imageable_id = 3 AND `images`.imageable_type = 'Listing') AND ( (`images`.`type` = 'PropertyImage' ) ) ORDER BY position ASC[0m
  [4;36;1mPropertyImage Load (0.1ms)[0m   [0;1mSELECT * FROM `images` WHERE (`images`.imageable_id = 4 AND `images`.imageable_type = 'Listing') AND ( (`images`.`type` = 'PropertyImage' ) ) ORDER BY position ASC[0m
  [4;35;1mCACHE (0.0ms)[0m   [0mSELECT * FROM `agencies` ORDER BY agencies.domain = 'localhost' DESC, agencies.subdomain IS NULL DESC, agencies.master_agency = 1 DESC, agencies.id ASC LIMIT 1[0m
  [4;36;1mCACHE (0.0ms)[0m   [0;1mSELECT `properties`.* FROM `properties` WHERE (`properties`.agency_id = 5) [0m
  [4;35;1mBarrio Columns (1.2ms)[0m   [0mSHOW FIELDS FROM `barrios`[0m
  [4;36;1mCountry Columns (1.1ms)[0m   [0;1mSHOW FIELDS FROM `countries`[0m
  [4;35;1mListingType Columns (0.9ms)[0m   [0mSHOW FIELDS FROM `listing_types`[0m
  [4;36;1mListing Load (0.2ms)[0m   [0;1mSELECT `listings`.* FROM `listings` INNER JOIN `listing_types` ON `listing_types`.id = `listings`.listing_type_id INNER JOIN `properties` ON `properties`.id = `listings`.property_id INNER JOIN `barrios` ON `barrios`.id = `properties`.barrio_id INNER JOIN `countries` ON `countries`.id = `barrios`.country_id WHERE ((listing_types.name = 'for sale') AND (countries.name = 'Costa Rica')) ORDER BY barrios.country_id ASC, barrios.province_id ASC, barrios.name ASC LIMIT 0, 2[0m
  [4;35;1mProperty Load (0.1ms)[0m   [0mSELECT * FROM `properties` WHERE (`properties`.`id` IN (1,3)) [0m
  [4;36;1mCACHE (0.0ms)[0m   [0;1mSELECT * FROM `agencies` WHERE (`agencies`.`id` IN (1,2)) [0m
  [4;35;1mPropertyImage Load (0.1ms)[0m   [0mSELECT `images`.* FROM `images` WHERE (`images`.`imageable_id` IN (1,3) and `images`.`imageable_type` = 'Property') AND ( (`images`.`type` = 'PropertyImage' ) ) ORDER BY position ASC[0m
  [4;36;1mUser Columns (2.0ms)[0m   [0;1mSHOW FIELDS FROM `users`[0m
  [4;35;1mUserIcon Columns (1.3ms)[0m   [0mSHOW FIELDS FROM `images`[0m
  [4;36;1mSQL (1.0ms)[0m   [0;1mSELECT count(DISTINCT `listings`.id) AS count_all FROM `listings` LEFT OUTER JOIN `properties` properties_listings ON `properties_listings`.id = `listings`.property_id LEFT OUTER JOIN `agencies` ON `agencies`.id = `properties_listings`.agency_id LEFT OUTER JOIN `agents` ON `agents`.id = `agencies`.broker_id LEFT OUTER JOIN `users` ON `users`.id = `agents`.user_id LEFT OUTER JOIN `images` ON `images`.imageable_id = `users`.id AND `images`.imageable_type = 'User'AND (`images`.`type` = 'UserIcon' ) INNER JOIN `listing_types` ON `listing_types`.id = `listings`.listing_type_id INNER JOIN `properties` ON `properties`.id = `listings`.property_id INNER JOIN `barrios` ON `barrios`.id = `properties`.barrio_id INNER JOIN `countries` ON `countries`.id = `barrios`.country_id WHERE ((listing_types.name = 'for sale') AND (countries.name = 'Costa Rica')) [0m
Rendering template within layouts/listings
Rendering listings/index
  [4;35;1mCACHE (0.0ms)[0m   [0mSELECT * FROM `images` WHERE (`images`.imageable_id = 3 AND `images`.imageable_type = 'Listing') AND ( (`images`.`type` = 'PropertyImage' ) ) ORDER BY position ASC[0m
  [4;36;1mCurrency Columns (1.0ms)[0m   [0;1mSHOW FIELDS FROM `currencies`[0m
  [4;35;1mCurrency Load (0.1ms)[0m   [0mSELECT * FROM `currencies` WHERE (`currencies`.`id` = 1) [0m
  [4;36;1mSlug Load (0.1ms)[0m   [0;1mSELECT * FROM `slugs` WHERE (`slugs`.sluggable_id = 3 AND `slugs`.sluggable_type = 'Listing') ORDER BY id DESC, id DESC LIMIT 1[0m
  [4;35;1mSlug Columns (0.9ms)[0m   [0mSHOW FIELDS FROM `slugs`[0m
  [4;36;1mCategoryAssignment Columns (1.0ms)[0m   [0;1mSHOW FIELDS FROM `category_assignments`[0m
  [4;35;1mCategory Columns (1.0ms)[0m   [0mSHOW FIELDS FROM `categories`[0m
  [4;36;1mSQL (0.1ms)[0m   [0;1mSELECT count(*) AS count_all FROM `categories` INNER JOIN `category_assignments` ON `categories`.id = `category_assignments`.category_id WHERE ((`category_assignments`.category_assignable_id = 3) AND (`category_assignments`.category_assignable_type = 'Listing')) [0m
  [4;35;1mBarrio Load (0.1ms)[0m   [0mSELECT * FROM `barrios` WHERE (`barrios`.`id` = 2) ORDER BY barrios.country_id ASC, barrios.province_id ASC, barrios.name ASC[0m
  [4;36;1mMarket Columns (1.0ms)[0m   [0;1mSHOW FIELDS FROM `markets`[0m
  [4;35;1mMarket Load (0.2ms)[0m   [0mSELECT * FROM `markets` WHERE (`markets`.`id` = 1) ORDER BY markets.country_id ASC, markets.name ASC[0m
  [4;36;1mFeatureAssignment Columns (1.0ms)[0m   [0;1mSHOW FIELDS FROM `feature_assignments`[0m
  [4;35;1mFeature Load (0.1ms)[0m   [0mSELECT `features`.* FROM `features` INNER JOIN `feature_assignments` ON `features`.id = `feature_assignments`.feature_id WHERE ((`feature_assignments`.feature_assignable_type = 'Listing') AND (`feature_assignments`.feature_assignable_id = 3)) ORDER BY feature_assignments.highlighted_feature DESC[0m
  [4;36;1mAgent Load (0.1ms)[0m   [0;1mSELECT * FROM `agents` WHERE (agents.id = 1) LIMIT 1[0m
  [4;35;1mAgent Columns (0.9ms)[0m   [0mSHOW FIELDS FROM `agents`[0m
  [4;36;1mUser Load (0.4ms)[0m   [0;1mSELECT * FROM `users` WHERE (`users`.`id` = 1) [0m
  [4;35;1mUserIcon Load (0.1ms)[0m   [0mSELECT `images`.* FROM `images` WHERE (`images`.`imageable_id` = 1 and `images`.`imageable_type` = 'User') AND ( (`images`.`type` = 'UserIcon' ) ) ORDER BY position ASC[0m
  [4;36;1mCACHE (0.0ms)[0m   [0;1mSELECT * FROM `agents` WHERE (agents.id = 1) LIMIT 1[0m
  [4;35;1mCACHE (0.0ms)[0m   [0mSELECT * FROM `users` WHERE (`users`.`id` = 1) [0m
  [4;36;1mCACHE (0.0ms)[0m   [0;1mSELECT `images`.* FROM `images` WHERE (`images`.`imageable_id` = 1 and `images`.`imageable_type` = 'User') AND ( (`images`.`type` = 'UserIcon' ) ) ORDER BY position ASC[0m
  [4;35;1mCACHE (0.0ms)[0m   [0mSELECT * FROM `agents` WHERE (agents.id = 1) LIMIT 1[0m
  [4;36;1mCACHE (0.0ms)[0m   [0;1mSELECT * FROM `users` WHERE (`users`.`id` = 1) [0m
  [4;35;1mCACHE (0.0ms)[0m   [0mSELECT `images`.* FROM `images` WHERE (`images`.`imageable_id` = 1 and `images`.`imageable_type` = 'User') AND ( (`images`.`type` = 'UserIcon' ) ) ORDER BY position ASC[0m
  [4;36;1mCACHE (0.0ms)[0m   [0;1mSELECT * FROM `agents` WHERE (agents.id = 1) LIMIT 1[0m
  [4;35;1mCACHE (0.0ms)[0m   [0mSELECT * FROM `users` WHERE (`users`.`id` = 1) [0m
  [4;36;1mCACHE (0.0ms)[0m   [0;1mSELECT `images`.* FROM `images` WHERE (`images`.`imageable_id` = 1 and `images`.`imageable_type` = 'User') AND ( (`images`.`type` = 'UserIcon' ) ) ORDER BY position ASC[0m
Rendered listings/_liaison (19.3ms)
Rendered listings/_listing (288.5ms)
  [4;35;1mCACHE (0.0ms)[0m   [0mSELECT * FROM `images` WHERE (`images`.imageable_id = 4 AND `images`.imageable_type = 'Listing') AND ( (`images`.`type` = 'PropertyImage' ) ) ORDER BY position ASC[0m
  [4;36;1mCACHE (0.0ms)[0m   [0;1mSELECT * FROM `currencies` WHERE (`currencies`.`id` = 1) [0m
  [4;35;1mSlug Load (0.1ms)[0m   [0mSELECT * FROM `slugs` WHERE (`slugs`.sluggable_id = 4 AND `slugs`.sluggable_type = 'Listing') ORDER BY id DESC, id DESC LIMIT 1[0m
  [4;36;1mSQL (0.1ms)[0m   [0;1mSELECT count(*) AS count_all FROM `categories` INNER JOIN `category_assignments` ON `categories`.id = `category_assignments`.category_id WHERE ((`category_assignments`.category_assignable_id = 4) AND (`category_assignments`.category_assignable_type = 'Listing')) [0m
  [4;35;1mBarrio Load (0.1ms)[0m   [0mSELECT * FROM `barrios` WHERE (`barrios`.`id` = 1) ORDER BY barrios.country_id ASC, barrios.province_id ASC, barrios.name ASC[0m
  [4;36;1mCACHE (0.0ms)[0m   [0;1mSELECT * FROM `markets` WHERE (`markets`.`id` = 1) ORDER BY markets.country_id ASC, markets.name ASC[0m
  [4;35;1mFeature Load (0.1ms)[0m   [0mSELECT `features`.* FROM `features` INNER JOIN `feature_assignments` ON `features`.id = `feature_assignments`.feature_id WHERE ((`feature_assignments`.feature_assignable_type = 'Listing') AND (`feature_assignments`.feature_assignable_id = 4)) ORDER BY feature_assignments.highlighted_feature DESC[0m
  [4;36;1mCACHE (0.0ms)[0m   [0;1mSELECT * FROM `agents` WHERE (agents.id = 1) LIMIT 1[0m
  [4;35;1mCACHE (0.0ms)[0m   [0mSELECT * FROM `users` WHERE (`users`.`id` = 1) [0m
  [4;36;1mCACHE (0.0ms)[0m   [0;1mSELECT `images`.* FROM `images` WHERE (`images`.`imageable_id` = 1 and `images`.`imageable_type` = 'User') AND ( (`images`.`type` = 'UserIcon' ) ) ORDER BY position ASC[0m
  [4;35;1mCACHE (0.0ms)[0m   [0mSELECT * FROM `agents` WHERE (agents.id = 1) LIMIT 1[0m
  [4;36;1mCACHE (0.0ms)[0m   [0;1mSELECT * FROM `users` WHERE (`users`.`id` = 1) [0m
  [4;35;1mCACHE (0.0ms)[0m   [0mSELECT `images`.* FROM `images` WHERE (`images`.`imageable_id` = 1 and `images`.`imageable_type` = 'User') AND ( (`images`.`type` = 'UserIcon' ) ) ORDER BY position ASC[0m
  [4;36;1mCACHE (0.0ms)[0m   [0;1mSELECT * FROM `agents` WHERE (agents.id = 1) LIMIT 1[0m
  [4;35;1mCACHE (0.0ms)[0m   [0mSELECT * FROM `users` WHERE (`users`.`id` = 1) [0m
  [4;36;1mCACHE (0.0ms)[0m   [0;1mSELECT `images`.* FROM `images` WHERE (`images`.`imageable_id` = 1 and `images`.`imageable_type` = 'User') AND ( (`images`.`type` = 'UserIcon' ) ) ORDER BY position ASC[0m
  [4;35;1mCACHE (0.0ms)[0m   [0mSELECT * FROM `agents` WHERE (agents.id = 1) LIMIT 1[0m
  [4;36;1mCACHE (0.0ms)[0m   [0;1mSELECT * FROM `users` WHERE (`users`.`id` = 1) [0m
  [4;35;1mCACHE (0.0ms)[0m   [0mSELECT `images`.* FROM `images` WHERE (`images`.`imageable_id` = 1 and `images`.`imageable_type` = 'User') AND ( (`images`.`type` = 'UserIcon' ) ) ORDER BY position ASC[0m
Rendered listings/_liaison (14.4ms)
Rendered listings/_listing (52.6ms)
  [4;36;1mListing Load (0.2ms)[0m   [0;1mSELECT `listings`.* FROM `listings` INNER JOIN `listing_types` ON `listing_types`.id = `listings`.listing_type_id INNER JOIN `properties` ON `properties`.id = `listings`.property_id INNER JOIN `barrios` ON `barrios`.id = `properties`.barrio_id INNER JOIN `countries` ON `countries`.id = `barrios`.country_id WHERE ((listing_types.name = 'for sale') AND (countries.name = 'Costa Rica')) ORDER BY barrios.country_id ASC, barrios.province_id ASC, barrios.name ASC[0m
  [4;35;1mCACHE (0.0ms)[0m   [0mSELECT * FROM `properties` WHERE (`properties`.`id` IN (1,2,3)) [0m
  [4;36;1mCACHE (0.0ms)[0m   [0;1mSELECT * FROM `agencies` WHERE (`agencies`.`id` IN (1,2)) [0m
  [4;35;1mCACHE (0.0ms)[0m   [0mSELECT `images`.* FROM `images` WHERE (`images`.`imageable_id` IN (1,2,3) and `images`.`imageable_type` = 'Property') AND ( (`images`.`type` = 'PropertyImage' ) ) ORDER BY position ASC[0m
  [4;36;1mCACHE (0.0ms)[0m   [0;1mSELECT `listings`.* FROM `listings` INNER JOIN `listing_types` ON `listing_types`.id = `listings`.listing_type_id INNER JOIN `properties` ON `properties`.id = `listings`.property_id INNER JOIN `barrios` ON `barrios`.id = `properties`.barrio_id INNER JOIN `countries` ON `countries`.id = `barrios`.country_id WHERE ((listing_types.name = 'for sale') AND (countries.name = 'Costa Rica')) ORDER BY barrios.country_id ASC, barrios.province_id ASC, barrios.name ASC[0m
  [4;35;1mCACHE (0.0ms)[0m   [0mSELECT * FROM `properties` WHERE (`properties`.`id` IN (1,2,3)) [0m
  [4;36;1mCACHE (0.0ms)[0m   [0;1mSELECT * FROM `agencies` WHERE (`agencies`.`id` IN (1,2)) [0m
  [4;35;1mCACHE (0.0ms)[0m   [0mSELECT `images`.* FROM `images` WHERE (`images`.`imageable_id` IN (1,2,3) and `images`.`imageable_type` = 'Property') AND ( (`images`.`type` = 'PropertyImage' ) ) ORDER BY position ASC[0m
Rendered layouts/_user_bar (12.2ms)
  [4;36;1mAgencyLogo Columns (1.2ms)[0m   [0;1mSHOW FIELDS FROM `images`[0m
  [4;35;1mAgencyLogo Load (0.1ms)[0m   [0mSELECT * FROM `images` WHERE (`images`.imageable_id = 5 AND `images`.imageable_type = 'Agency') AND ( (`images`.`type` = 'AgencyLogo' ) ) ORDER BY position ASC[0m
  [4;36;1mCACHE (0.0ms)[0m   [0;1mSELECT * FROM `images` WHERE (`images`.imageable_id = 3 AND `images`.imageable_type = 'Listing') AND ( (`images`.`type` = 'PropertyImage' ) ) ORDER BY position ASC[0m
  [4;35;1mCACHE (0.0ms)[0m   [0mSELECT * FROM `slugs` WHERE (`slugs`.sluggable_id = 3 AND `slugs`.sluggable_type = 'Listing') ORDER BY id DESC, id DESC LIMIT 1[0m
  [4;36;1mCACHE (0.0ms)[0m   [0;1mSELECT * FROM `images` WHERE (`images`.imageable_id = 4 AND `images`.imageable_type = 'Listing') AND ( (`images`.`type` = 'PropertyImage' ) ) ORDER BY position ASC[0m
  [4;35;1mCACHE (0.0ms)[0m   [0mSELECT * FROM `slugs` WHERE (`slugs`.sluggable_id = 4 AND `slugs`.sluggable_type = 'Listing') ORDER BY id DESC, id DESC LIMIT 1[0m
  [4;36;1mCACHE (0.0ms)[0m   [0;1mSELECT * FROM `images` WHERE (`images`.imageable_id = 1 AND `images`.imageable_type = 'Listing') AND ( (`images`.`type` = 'PropertyImage' ) ) ORDER BY position ASC[0m
  [4;35;1mSlug Load (0.1ms)[0m   [0mSELECT * FROM `slugs` WHERE (`slugs`.sluggable_id = 1 AND `slugs`.sluggable_type = 'Listing') ORDER BY id DESC, id DESC LIMIT 1[0m
Rendered layouts/_header_small (110.5ms)
  [4;36;1mCategory Load (0.1ms)[0m   [0;1mSELECT * FROM `categories` [0m
  [4;35;1mMarket Load (0.1ms)[0m   [0mSELECT `markets`.* FROM `markets` INNER JOIN `countries` ON `countries`.id = `markets`.country_id WHERE (countries.name = NULL) ORDER BY markets.country_id ASC, markets.name ASC[0m
  [4;36;1mFeature Columns (2.6ms)[0m   [0;1mSHOW FIELDS FROM `features`[0m
  [4;35;1mFeature Load Including Associations (0.3ms)[0m   [0mSELECT `features`.`id` AS t0_r0, `features`.`name` AS t0_r1, `features`.`user_defined` AS t0_r2, `features`.`position` AS t0_r3, `features`.`created_at` AS t0_r4, `features`.`updated_at` AS t0_r5, `listing_types`.`id` AS t1_r0, `listing_types`.`name` AS t1_r1, `listing_types`.`created_at` AS t1_r2, `listing_types`.`updated_at` AS t1_r3, `feature_assignments_listing_types`.`id` AS t2_r0, `feature_assignments_listing_types`.`feature_id` AS t2_r1, `feature_assignments_listing_types`.`highlighted_feature` AS t2_r2, `feature_assignments_listing_types`.`feature_assignable_id` AS t2_r3, `feature_assignments_listing_types`.`feature_assignable_type` AS t2_r4, `feature_assignments_listing_types`.`created_at` AS t2_r5, `feature_assignments_listing_types`.`updated_at` AS t2_r6 FROM `features` LEFT OUTER JOIN `feature_assignments` ON (`features`.`id` = `feature_assignments`.`feature_id` AND `feature_assignments`.`feature_assignable_type` = 'ListingType') LEFT OUTER JOIN `listing_types` ON (`listing_types`.`id` = `feature_assignments`.`feature_assignable_id`) LEFT OUTER JOIN `feature_assignments` feature_assignments_listing_types ON `feature_assignments_listing_types`.feature_assignable_id = `listing_types`.id AND `feature_assignments_listing_types`.feature_assignable_type = 'ListingType'WHERE (feature_assignments.highlighted_feature = 1) [0m
  [4;36;1mStyle Load (0.1ms)[0m   [0;1mSELECT `styles`.* FROM `styles` INNER JOIN `style_assignments` ON (`styles`.`id` = `style_assignments`.`style_id` AND `style_assignments`.`style_assignable_type` = 'ListingType') INNER JOIN `listing_types` ON (`listing_types`.`id` = `style_assignments`.`style_assignable_id`) WHERE (listing_types.name = 'for sale') [0m
  [4;35;1mStyle Columns (0.9ms)[0m   [0mSHOW FIELDS FROM `styles`[0m
  [4;36;1mCountry Load (0.2ms)[0m   [0;1mSELECT * FROM `countries` WHERE (`countries`.`id` = 2) [0m
  [4;35;1mAgency Load (0.2ms)[0m   [0mSELECT * FROM `agencies` [0m
Rendered layouts/_site_nav (37.7ms)
Rendered layouts/_footer (0.2ms)
Completed in 1293ms (View: 780, DB: 30) | 200 OK [http://localhost/real_estate?search=Costa+Rica--property--for+sale]
  [4;36;1mSQL (0.1ms)[0m   [0;1mSET NAMES 'utf8'[0m
  [4;35;1mSQL (0.6ms)[0m   [0mSET SQL_AUTO_IS_NULL=0[0m


Processing ApplicationController#index (for 127.0.0.1 at 2010-01-12 13:18:52) [GET]

ActionController::RoutingError (No route matches "/stylesheets/apple-circle.gif" with {:method=>:get, :host=>"localhost", :subdomain=>nil, :domain=>"localhost"}):
  

Rendering rescues/layout (not_found)
** SubdomainFu: initialized properly
  [4;36;1mSQL (0.3ms)[0m   [0;1mSET NAMES 'utf8'[0m
  [4;35;1mSQL (0.2ms)[0m   [0mSET SQL_AUTO_IS_NULL=0[0m


Processing AgenciesController#show (for 127.0.0.1 at 2010-01-19 13:06:27) [GET]
  Parameters: {"action"=>"show", "controller"=>"agencies"}
  [4;36;1mAgency Load (9.7ms)[0m   [0;1mSELECT * FROM `agencies` ORDER BY agencies.domain = 'localhost' DESC, agencies.subdomain IS NULL DESC, agencies.master_agency = 1 DESC, agencies.id ASC LIMIT 1[0m
  [4;35;1mAgency Columns (1.7ms)[0m   [0mSHOW FIELDS FROM `agencies`[0m
  [4;36;1mProperty Load (0.7ms)[0m   [0;1mSELECT `properties`.* FROM `properties` WHERE (`properties`.agency_id = 5) [0m
  [4;35;1mCACHE (0.0ms)[0m   [0mSELECT * FROM `agencies` ORDER BY agencies.domain = 'localhost' DESC, agencies.subdomain IS NULL DESC, agencies.master_agency = 1 DESC, agencies.id ASC LIMIT 1[0m
  [4;36;1mCACHE (0.0ms)[0m   [0;1mSELECT `properties`.* FROM `properties` WHERE (`properties`.agency_id = 5) [0m
  [4;35;1mCACHE (0.0ms)[0m   [0mSELECT * FROM `agencies` ORDER BY agencies.domain = 'localhost' DESC, agencies.subdomain IS NULL DESC, agencies.master_agency = 1 DESC, agencies.id ASC LIMIT 1[0m
  [4;36;1mCACHE (0.0ms)[0m   [0;1mSELECT `properties`.* FROM `properties` WHERE (`properties`.agency_id = 5) [0m
  [4;35;1mSiteText Load (0.6ms)[0m   [0mSELECT * FROM `site_texts` WHERE (`site_texts`.agency_id = 5) [0m
  [4;36;1mCACHE (0.0ms)[0m   [0;1mSELECT * FROM `agencies` ORDER BY agencies.domain = 'localhost' DESC, agencies.subdomain IS NULL DESC, agencies.master_agency = 1 DESC, agencies.id ASC LIMIT 1[0m
  [4;35;1mCACHE (0.0ms)[0m   [0mSELECT `properties`.* FROM `properties` WHERE (`properties`.agency_id = 5) [0m
  [4;36;1mListing Load (0.5ms)[0m   [0;1mSELECT * FROM `listings` [0m
  [4;35;1mListing Columns (1.3ms)[0m   [0mSHOW FIELDS FROM `listings`[0m
  [4;36;1mProperty Columns (1.2ms)[0m   [0;1mSHOW FIELDS FROM `properties`[0m
  [4;35;1mProperty Load (0.4ms)[0m   [0mSELECT * FROM `properties` WHERE (`properties`.`id` IN (1,2,3)) [0m
  [4;36;1mAgency Load (0.4ms)[0m   [0;1mSELECT * FROM `agencies` WHERE (`agencies`.`id` IN (1,2)) [0m
  [4;35;1mPropertyImage Columns (1.7ms)[0m   [0mSHOW FIELDS FROM `images`[0m
  [4;36;1mPropertyImage Load (0.7ms)[0m   [0;1mSELECT `images`.* FROM `images` WHERE (`images`.`imageable_id` IN (1,2,3) and `images`.`imageable_type` = 'Property') AND ( (`images`.`type` = 'PropertyImage' ) ) ORDER BY position ASC[0m
  [4;35;1mPropertyImage Load (0.4ms)[0m   [0mSELECT * FROM `images` WHERE (`images`.imageable_id = 1 AND `images`.imageable_type = 'Listing') AND ( (`images`.`type` = 'PropertyImage' ) ) ORDER BY position ASC[0m
  [4;36;1mPropertyImage Load (0.3ms)[0m   [0;1mSELECT * FROM `images` WHERE (`images`.imageable_id = 2 AND `images`.imageable_type = 'Listing') AND ( (`images`.`type` = 'PropertyImage' ) ) ORDER BY position ASC[0m
  [4;35;1mPropertyImage Load (0.3ms)[0m   [0mSELECT * FROM `images` WHERE (`images`.imageable_id = 3 AND `images`.imageable_type = 'Listing') AND ( (`images`.`type` = 'PropertyImage' ) ) ORDER BY position ASC[0m
  [4;36;1mPropertyImage Load (0.3ms)[0m   [0;1mSELECT * FROM `images` WHERE (`images`.imageable_id = 4 AND `images`.imageable_type = 'Listing') AND ( (`images`.`type` = 'PropertyImage' ) ) ORDER BY position ASC[0m
  [4;35;1mCACHE (0.0ms)[0m   [0mSELECT * FROM `agencies` ORDER BY agencies.domain = 'localhost' DESC, agencies.subdomain IS NULL DESC, agencies.master_agency = 1 DESC, agencies.id ASC LIMIT 1[0m
  [4;36;1mCACHE (0.0ms)[0m   [0;1mSELECT `properties`.* FROM `properties` WHERE (`properties`.agency_id = 5) [0m
Rendering template within layouts/agencies
Rendering agencies/show
  [4;35;1mMarket Load (1.4ms)[0m   [0mSELECT `markets`.* FROM `markets` INNER JOIN `agency_jurisdictions` ON `markets`.id = `agency_jurisdictions`.market_id WHERE ((`agency_jurisdictions`.agency_id = 5)) ORDER BY agency_jurisdictions.primary_market DESC, markets.country_id ASC, markets.name ASC[0m
  [4;36;1mAgencyImage Columns (1.5ms)[0m   [0;1mSHOW FIELDS FROM `images`[0m
  [4;35;1mAgencyImage Load (0.6ms)[0m   [0mSELECT * FROM `images` WHERE (`images`.imageable_id = 5 AND `images`.imageable_type = 'Agency') AND ( (`images`.`type` = 'AgencyImage' ) ) ORDER BY position ASC[0m
  [4;36;1mUser Columns (2.5ms)[0m   [0;1mSHOW FIELDS FROM `users`[0m
Rendered layouts/_user_bar (79.1ms)
  [4;35;1mAgencyLogo Columns (1.6ms)[0m   [0mSHOW FIELDS FROM `images`[0m
  [4;36;1mAgencyLogo Load (0.6ms)[0m   [0;1mSELECT * FROM `images` WHERE (`images`.imageable_id = 5 AND `images`.imageable_type = 'Agency') AND ( (`images`.`type` = 'AgencyLogo' ) ) ORDER BY position ASC[0m
  [4;35;1mAgent Columns (0.9ms)[0m   [0mSHOW FIELDS FROM `agents`[0m
  [4;36;1mUserIcon Columns (1.1ms)[0m   [0;1mSHOW FIELDS FROM `images`[0m
  [4;35;1mListing Load IDs For Limited Eager Loading (0.5ms)[0m   [0mSELECT DISTINCT `listings`.id FROM `listings` LEFT OUTER JOIN `properties` ON `properties`.id = `listings`.property_id WHERE ((`listings`.`listing_type_id` = 1) AND (properties.agency_id = 5)) ORDER BY `listings`.`property_id` LIMIT 7[0m
Rendered layouts/_header_large (300.3ms)
  [4;36;1mCountry Columns (1.0ms)[0m   [0;1mSHOW FIELDS FROM `countries`[0m
  [4;35;1mCountry Load (0.3ms)[0m   [0mSELECT * FROM `countries` WHERE (`countries`.`id` = 2) [0m
  [4;36;1mAgency Load (0.4ms)[0m   [0;1mSELECT * FROM `agencies` [0m
Rendered layouts/_site_nav (154.3ms)
Rendered layouts/_footer (25.9ms)
Completed in 1196ms (View: 646, DB: 33) | 200 OK [http://localhost/]
  [4;35;1mSQL (0.2ms)[0m   [0mSET NAMES 'utf8'[0m
  [4;36;1mSQL (0.1ms)[0m   [0;1mSET SQL_AUTO_IS_NULL=0[0m


Processing AgenciesController#default_logo (for 127.0.0.1 at 2010-01-19 13:06:29) [GET]
  Parameters: {"action"=>"default_logo", "id"=>"BarrioEarth Real Estate", "controller"=>"agencies"}
  [4;35;1mAgency Load (0.2ms)[0m   [0mSELECT * FROM `agencies` ORDER BY agencies.domain = 'localhost' DESC, agencies.subdomain IS NULL DESC, agencies.master_agency = 1 DESC, agencies.id ASC LIMIT 1[0m
  [4;36;1mAgency Columns (1.1ms)[0m   [0;1mSHOW FIELDS FROM `agencies`[0m
  [4;35;1mProperty Load (0.1ms)[0m   [0mSELECT `properties`.* FROM `properties` WHERE (`properties`.agency_id = 5) [0m
  [4;36;1mCACHE (0.0ms)[0m   [0;1mSELECT * FROM `agencies` ORDER BY agencies.domain = 'localhost' DESC, agencies.subdomain IS NULL DESC, agencies.master_agency = 1 DESC, agencies.id ASC LIMIT 1[0m
  [4;35;1mCACHE (0.0ms)[0m   [0mSELECT `properties`.* FROM `properties` WHERE (`properties`.agency_id = 5) [0m
  [4;36;1mCACHE (0.0ms)[0m   [0;1mSELECT * FROM `agencies` ORDER BY agencies.domain = 'localhost' DESC, agencies.subdomain IS NULL DESC, agencies.master_agency = 1 DESC, agencies.id ASC LIMIT 1[0m
  [4;35;1mCACHE (0.0ms)[0m   [0mSELECT `properties`.* FROM `properties` WHERE (`properties`.agency_id = 5) [0m
  [4;36;1mSiteText Load (0.2ms)[0m   [0;1mSELECT * FROM `site_texts` WHERE (`site_texts`.agency_id = 5) [0m
  [4;35;1mCACHE (0.0ms)[0m   [0mSELECT * FROM `agencies` ORDER BY agencies.domain = 'localhost' DESC, agencies.subdomain IS NULL DESC, agencies.master_agency = 1 DESC, agencies.id ASC LIMIT 1[0m
  [4;36;1mCACHE (0.0ms)[0m   [0;1mSELECT `properties`.* FROM `properties` WHERE (`properties`.agency_id = 5) [0m
  [4;35;1mListing Load (0.2ms)[0m   [0mSELECT * FROM `listings` [0m
  [4;36;1mListing Columns (1.7ms)[0m   [0;1mSHOW FIELDS FROM `listings`[0m
  [4;35;1mProperty Columns (1.3ms)[0m   [0mSHOW FIELDS FROM `properties`[0m
  [4;36;1mProperty Load (0.1ms)[0m   [0;1mSELECT * FROM `properties` WHERE (`properties`.`id` IN (1,2,3)) [0m
  [4;35;1mAgency Load (0.2ms)[0m   [0mSELECT * FROM `agencies` WHERE (`agencies`.`id` IN (1,2)) [0m
  [4;36;1mPropertyImage Columns (1.4ms)[0m   [0;1mSHOW FIELDS FROM `images`[0m
  [4;35;1mPropertyImage Load (0.1ms)[0m   [0mSELECT `images`.* FROM `images` WHERE (`images`.`imageable_id` IN (1,2,3) and `images`.`imageable_type` = 'Property') AND ( (`images`.`type` = 'PropertyImage' ) ) ORDER BY position ASC[0m
  [4;36;1mPropertyImage Load (0.1ms)[0m   [0;1mSELECT * FROM `images` WHERE (`images`.imageable_id = 1 AND `images`.imageable_type = 'Listing') AND ( (`images`.`type` = 'PropertyImage' ) ) ORDER BY position ASC[0m
  [4;35;1mPropertyImage Load (0.1ms)[0m   [0mSELECT * FROM `images` WHERE (`images`.imageable_id = 2 AND `images`.imageable_type = 'Listing') AND ( (`images`.`type` = 'PropertyImage' ) ) ORDER BY position ASC[0m
  [4;36;1mPropertyImage Load (0.1ms)[0m   [0;1mSELECT * FROM `images` WHERE (`images`.imageable_id = 3 AND `images`.imageable_type = 'Listing') AND ( (`images`.`type` = 'PropertyImage' ) ) ORDER BY position ASC[0m
  [4;35;1mPropertyImage Load (0.1ms)[0m   [0mSELECT * FROM `images` WHERE (`images`.imageable_id = 4 AND `images`.imageable_type = 'Listing') AND ( (`images`.`type` = 'PropertyImage' ) ) ORDER BY position ASC[0m
  [4;36;1mAgency Load (0.4ms)[0m   [0;1mSELECT * FROM `agencies` WHERE (`agencies`.`name` = 'BarrioEarth Real Estate') LIMIT 1[0m
Rendering agencies/default_logo
Cached page: /agencies/BarrioEarth Real Estate/default_logo.html (1.9ms)
Completed in 824ms (View: 467, DB: 8) | 200 OK [http://localhost/agencies/BarrioEarth%20Real%20Estate/default_logo]
  [4;35;1mSQL (10.8ms)[0m   [0mSET NAMES 'utf8'[0m
  [4;36;1mSQL (0.8ms)[0m   [0;1mSET SQL_AUTO_IS_NULL=0[0m


Processing PropertyImagesController#large_glider_placeholder (for 127.0.0.1 at 2010-01-19 13:06:30) [GET]
  Parameters: {"action"=>"large_glider_placeholder", "controller"=>"property_images"}
  [4;35;1mAgency Load (0.3ms)[0m   [0mSELECT * FROM `agencies` ORDER BY agencies.domain = 'localhost' DESC, agencies.subdomain IS NULL DESC, agencies.master_agency = 1 DESC, agencies.id ASC LIMIT 1[0m
  [4;36;1mAgency Columns (1.0ms)[0m   [0;1mSHOW FIELDS FROM `agencies`[0m
  [4;35;1mProperty Load (0.2ms)[0m   [0mSELECT `properties`.* FROM `properties` WHERE (`properties`.agency_id = 5) [0m
  [4;36;1mCACHE (0.0ms)[0m   [0;1mSELECT * FROM `agencies` ORDER BY agencies.domain = 'localhost' DESC, agencies.subdomain IS NULL DESC, agencies.master_agency = 1 DESC, agencies.id ASC LIMIT 1[0m
  [4;35;1mCACHE (0.0ms)[0m   [0mSELECT `properties`.* FROM `properties` WHERE (`properties`.agency_id = 5) [0m
  [4;36;1mCACHE (0.0ms)[0m   [0;1mSELECT * FROM `agencies` ORDER BY agencies.domain = 'localhost' DESC, agencies.subdomain IS NULL DESC, agencies.master_agency = 1 DESC, agencies.id ASC LIMIT 1[0m
  [4;35;1mCACHE (0.0ms)[0m   [0mSELECT `properties`.* FROM `properties` WHERE (`properties`.agency_id = 5) [0m
  [4;36;1mSiteText Load (0.1ms)[0m   [0;1mSELECT * FROM `site_texts` WHERE (`site_texts`.agency_id = 5) [0m
  [4;35;1mCACHE (0.0ms)[0m   [0mSELECT * FROM `agencies` ORDER BY agencies.domain = 'localhost' DESC, agencies.subdomain IS NULL DESC, agencies.master_agency = 1 DESC, agencies.id ASC LIMIT 1[0m
  [4;36;1mCACHE (0.0ms)[0m   [0;1mSELECT `properties`.* FROM `properties` WHERE (`properties`.agency_id = 5) [0m
  [4;35;1mListing Load (0.2ms)[0m   [0mSELECT * FROM `listings` [0m
  [4;36;1mListing Columns (1.4ms)[0m   [0;1mSHOW FIELDS FROM `listings`[0m
  [4;35;1mProperty Columns (1.1ms)[0m   [0mSHOW FIELDS FROM `properties`[0m
  [4;36;1mProperty Load (0.1ms)[0m   [0;1mSELECT * FROM `properties` WHERE (`properties`.`id` IN (1,2,3)) [0m
  [4;35;1mAgency Load (3.0ms)[0m   [0mSELECT * FROM `agencies` WHERE (`agencies`.`id` IN (1,2)) [0m
  [4;36;1mPropertyImage Columns (1.2ms)[0m   [0;1mSHOW FIELDS FROM `images`[0m
  [4;35;1mPropertyImage Load (0.1ms)[0m   [0mSELECT `images`.* FROM `images` WHERE (`images`.`imageable_id` IN (1,2,3) and `images`.`imageable_type` = 'Property') AND ( (`images`.`type` = 'PropertyImage' ) ) ORDER BY position ASC[0m
  [4;36;1mPropertyImage Load (0.1ms)[0m   [0;1mSELECT * FROM `images` WHERE (`images`.imageable_id = 1 AND `images`.imageable_type = 'Listing') AND ( (`images`.`type` = 'PropertyImage' ) ) ORDER BY position ASC[0m
  [4;35;1mPropertyImage Load (0.1ms)[0m   [0mSELECT * FROM `images` WHERE (`images`.imageable_id = 2 AND `images`.imageable_type = 'Listing') AND ( (`images`.`type` = 'PropertyImage' ) ) ORDER BY position ASC[0m
  [4;36;1mPropertyImage Load (0.1ms)[0m   [0;1mSELECT * FROM `images` WHERE (`images`.imageable_id = 3 AND `images`.imageable_type = 'Listing') AND ( (`images`.`type` = 'PropertyImage' ) ) ORDER BY position ASC[0m
  [4;35;1mPropertyImage Load (0.1ms)[0m   [0mSELECT * FROM `images` WHERE (`images`.imageable_id = 4 AND `images`.imageable_type = 'Listing') AND ( (`images`.`type` = 'PropertyImage' ) ) ORDER BY position ASC[0m
Rendering property_images/large_glider_placeholder
Cached page: /property_images/large_glider_placeholder.html (0.5ms)
Completed in 417ms (View: 254, DB: 21) | 200 OK [http://localhost/property_images/large_glider_placeholder]
  [4;36;1mSQL (0.1ms)[0m   [0;1mSET NAMES 'utf8'[0m
  [4;35;1mSQL (0.2ms)[0m   [0mSET SQL_AUTO_IS_NULL=0[0m


Processing AgenciesController#show (for 127.0.0.1 at 2010-01-19 13:07:32) [GET]
  Parameters: {"action"=>"show", "controller"=>"agencies"}
  [4;36;1mAgency Load (0.2ms)[0m   [0;1mSELECT * FROM `agencies` ORDER BY agencies.domain = 'localhost' DESC, agencies.subdomain IS NULL DESC, agencies.master_agency = 1 DESC, agencies.id ASC LIMIT 1[0m
  [4;35;1mAgency Columns (1.1ms)[0m   [0mSHOW FIELDS FROM `agencies`[0m
  [4;36;1mProperty Load (0.2ms)[0m   [0;1mSELECT `properties`.* FROM `properties` WHERE (`properties`.agency_id = 5) [0m
  [4;35;1mCACHE (0.0ms)[0m   [0mSELECT * FROM `agencies` ORDER BY agencies.domain = 'localhost' DESC, agencies.subdomain IS NULL DESC, agencies.master_agency = 1 DESC, agencies.id ASC LIMIT 1[0m
  [4;36;1mCACHE (0.0ms)[0m   [0;1mSELECT `properties`.* FROM `properties` WHERE (`properties`.agency_id = 5) [0m
  [4;35;1mCACHE (0.0ms)[0m   [0mSELECT * FROM `agencies` ORDER BY agencies.domain = 'localhost' DESC, agencies.subdomain IS NULL DESC, agencies.master_agency = 1 DESC, agencies.id ASC LIMIT 1[0m
  [4;36;1mCACHE (0.0ms)[0m   [0;1mSELECT `properties`.* FROM `properties` WHERE (`properties`.agency_id = 5) [0m
  [4;35;1mSiteText Load (0.2ms)[0m   [0mSELECT * FROM `site_texts` WHERE (`site_texts`.agency_id = 5) [0m
  [4;36;1mCACHE (0.0ms)[0m   [0;1mSELECT * FROM `agencies` ORDER BY agencies.domain = 'localhost' DESC, agencies.subdomain IS NULL DESC, agencies.master_agency = 1 DESC, agencies.id ASC LIMIT 1[0m
  [4;35;1mCACHE (0.0ms)[0m   [0mSELECT `properties`.* FROM `properties` WHERE (`properties`.agency_id = 5) [0m
  [4;36;1mListing Load (0.2ms)[0m   [0;1mSELECT * FROM `listings` [0m
  [4;35;1mListing Columns (1.4ms)[0m   [0mSHOW FIELDS FROM `listings`[0m
  [4;36;1mProperty Columns (3.7ms)[0m   [0;1mSHOW FIELDS FROM `properties`[0m
  [4;35;1mProperty Load (0.1ms)[0m   [0mSELECT * FROM `properties` WHERE (`properties`.`id` IN (1,2,3)) [0m
  [4;36;1mAgency Load (0.1ms)[0m   [0;1mSELECT * FROM `agencies` WHERE (`agencies`.`id` IN (1,2)) [0m
  [4;35;1mPropertyImage Columns (1.2ms)[0m   [0mSHOW FIELDS FROM `images`[0m
  [4;36;1mPropertyImage Load (0.1ms)[0m   [0;1mSELECT `images`.* FROM `images` WHERE (`images`.`imageable_id` IN (1,2,3) and `images`.`imageable_type` = 'Property') AND ( (`images`.`type` = 'PropertyImage' ) ) ORDER BY position ASC[0m
  [4;35;1mPropertyImage Load (0.3ms)[0m   [0mSELECT * FROM `images` WHERE (`images`.imageable_id = 1 AND `images`.imageable_type = 'Listing') AND ( (`images`.`type` = 'PropertyImage' ) ) ORDER BY position ASC[0m
  [4;36;1mPropertyImage Load (0.1ms)[0m   [0;1mSELECT * FROM `images` WHERE (`images`.imageable_id = 2 AND `images`.imageable_type = 'Listing') AND ( (`images`.`type` = 'PropertyImage' ) ) ORDER BY position ASC[0m
  [4;35;1mPropertyImage Load (0.1ms)[0m   [0mSELECT * FROM `images` WHERE (`images`.imageable_id = 3 AND `images`.imageable_type = 'Listing') AND ( (`images`.`type` = 'PropertyImage' ) ) ORDER BY position ASC[0m
  [4;36;1mPropertyImage Load (0.1ms)[0m   [0;1mSELECT * FROM `images` WHERE (`images`.imageable_id = 4 AND `images`.imageable_type = 'Listing') AND ( (`images`.`type` = 'PropertyImage' ) ) ORDER BY position ASC[0m
  [4;35;1mCACHE (0.0ms)[0m   [0mSELECT * FROM `agencies` ORDER BY agencies.domain = 'localhost' DESC, agencies.subdomain IS NULL DESC, agencies.master_agency = 1 DESC, agencies.id ASC LIMIT 1[0m
  [4;36;1mCACHE (0.0ms)[0m   [0;1mSELECT `properties`.* FROM `properties` WHERE (`properties`.agency_id = 5) [0m
Rendering template within layouts/agencies
Rendering agencies/show
  [4;35;1mMarket Load (0.1ms)[0m   [0mSELECT `markets`.* FROM `markets` INNER JOIN `agency_jurisdictions` ON `markets`.id = `agency_jurisdictions`.market_id WHERE ((`agency_jurisdictions`.agency_id = 5)) ORDER BY agency_jurisdictions.primary_market DESC, markets.country_id ASC, markets.name ASC[0m
  [4;36;1mAgencyImage Columns (1.3ms)[0m   [0;1mSHOW FIELDS FROM `images`[0m
  [4;35;1mAgencyImage Load (0.3ms)[0m   [0mSELECT * FROM `images` WHERE (`images`.imageable_id = 5 AND `images`.imageable_type = 'Agency') AND ( (`images`.`type` = 'AgencyImage' ) ) ORDER BY position ASC[0m
  [4;36;1mUser Columns (1.8ms)[0m   [0;1mSHOW FIELDS FROM `users`[0m
Rendered layouts/_user_bar (34.1ms)
  [4;35;1mAgencyLogo Columns (1.3ms)[0m   [0mSHOW FIELDS FROM `images`[0m
  [4;36;1mAgencyLogo Load (0.1ms)[0m   [0;1mSELECT * FROM `images` WHERE (`images`.imageable_id = 5 AND `images`.imageable_type = 'Agency') AND ( (`images`.`type` = 'AgencyLogo' ) ) ORDER BY position ASC[0m
  [4;35;1mAgent Columns (1.0ms)[0m   [0mSHOW FIELDS FROM `agents`[0m
  [4;36;1mUserIcon Columns (1.2ms)[0m   [0;1mSHOW FIELDS FROM `images`[0m
  [4;35;1mListing Load IDs For Limited Eager Loading (0.2ms)[0m   [0mSELECT DISTINCT `listings`.id FROM `listings` LEFT OUTER JOIN `properties` ON `properties`.id = `listings`.property_id WHERE ((`listings`.`listing_type_id` = 1) AND (properties.agency_id = 5)) ORDER BY `listings`.`property_id` LIMIT 7[0m
Rendered layouts/_header_large (107.5ms)
  [4;36;1mCountry Columns (1.0ms)[0m   [0;1mSHOW FIELDS FROM `countries`[0m
  [4;35;1mCountry Load (0.1ms)[0m   [0mSELECT * FROM `countries` WHERE (`countries`.`id` = 2) [0m
  [4;36;1mAgency Load (0.2ms)[0m   [0;1mSELECT * FROM `agencies` [0m
Rendered layouts/_site_nav (114.2ms)
Rendered layouts/_footer (0.2ms)
Completed in 507ms (View: 343, DB: 18) | 200 OK [http://localhost/]
  [4;35;1mSQL (0.1ms)[0m   [0mSET NAMES 'utf8'[0m
  [4;36;1mSQL (0.1ms)[0m   [0;1mSET SQL_AUTO_IS_NULL=0[0m


Processing AgenciesController#default_logo (for 127.0.0.1 at 2010-01-19 13:07:33) [GET]
  Parameters: {"action"=>"default_logo", "id"=>"BarrioEarth Real Estate", "controller"=>"agencies"}
  [4;35;1mAgency Load (0.2ms)[0m   [0mSELECT * FROM `agencies` ORDER BY agencies.domain = 'localhost' DESC, agencies.subdomain IS NULL DESC, agencies.master_agency = 1 DESC, agencies.id ASC LIMIT 1[0m
  [4;36;1mAgency Columns (1.1ms)[0m   [0;1mSHOW FIELDS FROM `agencies`[0m
  [4;35;1mProperty Load (0.2ms)[0m   [0mSELECT `properties`.* FROM `properties` WHERE (`properties`.agency_id = 5) [0m
  [4;36;1mCACHE (0.0ms)[0m   [0;1mSELECT * FROM `agencies` ORDER BY agencies.domain = 'localhost' DESC, agencies.subdomain IS NULL DESC, agencies.master_agency = 1 DESC, agencies.id ASC LIMIT 1[0m
  [4;35;1mCACHE (0.0ms)[0m   [0mSELECT `properties`.* FROM `properties` WHERE (`properties`.agency_id = 5) [0m
  [4;36;1mCACHE (0.0ms)[0m   [0;1mSELECT * FROM `agencies` ORDER BY agencies.domain = 'localhost' DESC, agencies.subdomain IS NULL DESC, agencies.master_agency = 1 DESC, agencies.id ASC LIMIT 1[0m
  [4;35;1mCACHE (0.0ms)[0m   [0mSELECT `properties`.* FROM `properties` WHERE (`properties`.agency_id = 5) [0m
  [4;36;1mSiteText Load (0.1ms)[0m   [0;1mSELECT * FROM `site_texts` WHERE (`site_texts`.agency_id = 5) [0m
  [4;35;1mCACHE (0.0ms)[0m   [0mSELECT * FROM `agencies` ORDER BY agencies.domain = 'localhost' DESC, agencies.subdomain IS NULL DESC, agencies.master_agency = 1 DESC, agencies.id ASC LIMIT 1[0m
  [4;36;1mCACHE (0.0ms)[0m   [0;1mSELECT `properties`.* FROM `properties` WHERE (`properties`.agency_id = 5) [0m
  [4;35;1mListing Load (0.2ms)[0m   [0mSELECT * FROM `listings` [0m
  [4;36;1mListing Columns (1.4ms)[0m   [0;1mSHOW FIELDS FROM `listings`[0m
  [4;35;1mProperty Columns (1.4ms)[0m   [0mSHOW FIELDS FROM `properties`[0m
  [4;36;1mProperty Load (0.1ms)[0m   [0;1mSELECT * FROM `properties` WHERE (`properties`.`id` IN (1,2,3)) [0m
  [4;35;1mAgency Load (0.1ms)[0m   [0mSELECT * FROM `agencies` WHERE (`agencies`.`id` IN (1,2)) [0m
  [4;36;1mPropertyImage Columns (1.3ms)[0m   [0;1mSHOW FIELDS FROM `images`[0m
  [4;35;1mPropertyImage Load (22.8ms)[0m   [0mSELECT `images`.* FROM `images` WHERE (`images`.`imageable_id` IN (1,2,3) and `images`.`imageable_type` = 'Property') AND ( (`images`.`type` = 'PropertyImage' ) ) ORDER BY position ASC[0m
  [4;36;1mPropertyImage Load (0.1ms)[0m   [0;1mSELECT * FROM `images` WHERE (`images`.imageable_id = 1 AND `images`.imageable_type = 'Listing') AND ( (`images`.`type` = 'PropertyImage' ) ) ORDER BY position ASC[0m
  [4;35;1mPropertyImage Load (0.1ms)[0m   [0mSELECT * FROM `images` WHERE (`images`.imageable_id = 2 AND `images`.imageable_type = 'Listing') AND ( (`images`.`type` = 'PropertyImage' ) ) ORDER BY position ASC[0m
  [4;36;1mPropertyImage Load (0.1ms)[0m   [0;1mSELECT * FROM `images` WHERE (`images`.imageable_id = 3 AND `images`.imageable_type = 'Listing') AND ( (`images`.`type` = 'PropertyImage' ) ) ORDER BY position ASC[0m
  [4;35;1mPropertyImage Load (0.1ms)[0m   [0mSELECT * FROM `images` WHERE (`images`.imageable_id = 4 AND `images`.imageable_type = 'Listing') AND ( (`images`.`type` = 'PropertyImage' ) ) ORDER BY position ASC[0m
  [4;36;1mAgency Load (0.1ms)[0m   [0;1mSELECT * FROM `agencies` WHERE (`agencies`.`name` = 'BarrioEarth Real Estate') LIMIT 1[0m
Rendering agencies/default_logo
Cached page: /agencies/BarrioEarth Real Estate/default_logo.html (0.7ms)
Completed in 598ms (View: 327, DB: 30) | 200 OK [http://localhost/agencies/BarrioEarth%20Real%20Estate/default_logo]
  [4;35;1mSQL (0.1ms)[0m   [0mSET NAMES 'utf8'[0m
  [4;36;1mSQL (0.1ms)[0m   [0;1mSET SQL_AUTO_IS_NULL=0[0m


Processing PropertyImagesController#large_glider_placeholder (for 127.0.0.1 at 2010-01-19 13:07:33) [GET]
  Parameters: {"action"=>"large_glider_placeholder", "controller"=>"property_images"}
  [4;35;1mAgency Load (0.2ms)[0m   [0mSELECT * FROM `agencies` ORDER BY agencies.domain = 'localhost' DESC, agencies.subdomain IS NULL DESC, agencies.master_agency = 1 DESC, agencies.id ASC LIMIT 1[0m
  [4;36;1mAgency Columns (1.2ms)[0m   [0;1mSHOW FIELDS FROM `agencies`[0m
  [4;35;1mProperty Load (0.1ms)[0m   [0mSELECT `properties`.* FROM `properties` WHERE (`properties`.agency_id = 5) [0m
  [4;36;1mCACHE (0.0ms)[0m   [0;1mSELECT * FROM `agencies` ORDER BY agencies.domain = 'localhost' DESC, agencies.subdomain IS NULL DESC, agencies.master_agency = 1 DESC, agencies.id ASC LIMIT 1[0m
  [4;35;1mCACHE (0.0ms)[0m   [0mSELECT `properties`.* FROM `properties` WHERE (`properties`.agency_id = 5) [0m
  [4;36;1mCACHE (0.0ms)[0m   [0;1mSELECT * FROM `agencies` ORDER BY agencies.domain = 'localhost' DESC, agencies.subdomain IS NULL DESC, agencies.master_agency = 1 DESC, agencies.id ASC LIMIT 1[0m
  [4;35;1mCACHE (0.0ms)[0m   [0mSELECT `properties`.* FROM `properties` WHERE (`properties`.agency_id = 5) [0m
  [4;36;1mSiteText Load (0.1ms)[0m   [0;1mSELECT * FROM `site_texts` WHERE (`site_texts`.agency_id = 5) [0m
  [4;35;1mCACHE (0.0ms)[0m   [0mSELECT * FROM `agencies` ORDER BY agencies.domain = 'localhost' DESC, agencies.subdomain IS NULL DESC, agencies.master_agency = 1 DESC, agencies.id ASC LIMIT 1[0m
  [4;36;1mCACHE (0.0ms)[0m   [0;1mSELECT `properties`.* FROM `properties` WHERE (`properties`.agency_id = 5) [0m
  [4;35;1mListing Load (0.2ms)[0m   [0mSELECT * FROM `listings` [0m
  [4;36;1mListing Columns (1.5ms)[0m   [0;1mSHOW FIELDS FROM `listings`[0m
  [4;35;1mProperty Columns (1.4ms)[0m   [0mSHOW FIELDS FROM `properties`[0m
  [4;36;1mProperty Load (0.2ms)[0m   [0;1mSELECT * FROM `properties` WHERE (`properties`.`id` IN (1,2,3)) [0m
  [4;35;1mAgency Load (0.1ms)[0m   [0mSELECT * FROM `agencies` WHERE (`agencies`.`id` IN (1,2)) [0m
  [4;36;1mPropertyImage Columns (1.2ms)[0m   [0;1mSHOW FIELDS FROM `images`[0m
  [4;35;1mPropertyImage Load (0.1ms)[0m   [0mSELECT `images`.* FROM `images` WHERE (`images`.`imageable_id` IN (1,2,3) and `images`.`imageable_type` = 'Property') AND ( (`images`.`type` = 'PropertyImage' ) ) ORDER BY position ASC[0m
  [4;36;1mPropertyImage Load (0.1ms)[0m   [0;1mSELECT * FROM `images` WHERE (`images`.imageable_id = 1 AND `images`.imageable_type = 'Listing') AND ( (`images`.`type` = 'PropertyImage' ) ) ORDER BY position ASC[0m
  [4;35;1mPropertyImage Load (0.1ms)[0m   [0mSELECT * FROM `images` WHERE (`images`.imageable_id = 2 AND `images`.imageable_type = 'Listing') AND ( (`images`.`type` = 'PropertyImage' ) ) ORDER BY position ASC[0m
  [4;36;1mPropertyImage Load (0.1ms)[0m   [0;1mSELECT * FROM `images` WHERE (`images`.imageable_id = 3 AND `images`.imageable_type = 'Listing') AND ( (`images`.`type` = 'PropertyImage' ) ) ORDER BY position ASC[0m
  [4;35;1mPropertyImage Load (0.1ms)[0m   [0mSELECT * FROM `images` WHERE (`images`.imageable_id = 4 AND `images`.imageable_type = 'Listing') AND ( (`images`.`type` = 'PropertyImage' ) ) ORDER BY position ASC[0m
Rendering property_images/large_glider_placeholder
Cached page: /property_images/large_glider_placeholder.html (0.6ms)
Completed in 331ms (View: 169, DB: 7) | 200 OK [http://localhost/property_images/large_glider_placeholder]
  [4;36;1mSQL (0.1ms)[0m   [0;1mSET NAMES 'utf8'[0m
  [4;35;1mSQL (0.1ms)[0m   [0mSET SQL_AUTO_IS_NULL=0[0m


Processing ListingsController#index (for 127.0.0.1 at 2010-01-19 13:07:45) [GET]
  Parameters: {"action"=>"index", "controller"=>"listings", "search"=>"Costa Rica--Condos--for sale"}
  [4;36;1mAgency Load (0.2ms)[0m   [0;1mSELECT * FROM `agencies` ORDER BY agencies.domain = 'localhost' DESC, agencies.subdomain IS NULL DESC, agencies.master_agency = 1 DESC, agencies.id ASC LIMIT 1[0m
  [4;35;1mAgency Columns (1.2ms)[0m   [0mSHOW FIELDS FROM `agencies`[0m
  [4;36;1mProperty Load (0.3ms)[0m   [0;1mSELECT `properties`.* FROM `properties` WHERE (`properties`.agency_id = 5) [0m
  [4;35;1mCACHE (0.0ms)[0m   [0mSELECT * FROM `agencies` ORDER BY agencies.domain = 'localhost' DESC, agencies.subdomain IS NULL DESC, agencies.master_agency = 1 DESC, agencies.id ASC LIMIT 1[0m
  [4;36;1mCACHE (0.0ms)[0m   [0;1mSELECT `properties`.* FROM `properties` WHERE (`properties`.agency_id = 5) [0m
  [4;35;1mCACHE (0.0ms)[0m   [0mSELECT * FROM `agencies` ORDER BY agencies.domain = 'localhost' DESC, agencies.subdomain IS NULL DESC, agencies.master_agency = 1 DESC, agencies.id ASC LIMIT 1[0m
  [4;36;1mCACHE (0.0ms)[0m   [0;1mSELECT `properties`.* FROM `properties` WHERE (`properties`.agency_id = 5) [0m
  [4;35;1mSiteText Load (0.1ms)[0m   [0mSELECT * FROM `site_texts` WHERE (`site_texts`.agency_id = 5) [0m
  [4;36;1mCACHE (0.0ms)[0m   [0;1mSELECT * FROM `agencies` ORDER BY agencies.domain = 'localhost' DESC, agencies.subdomain IS NULL DESC, agencies.master_agency = 1 DESC, agencies.id ASC LIMIT 1[0m
  [4;35;1mCACHE (0.0ms)[0m   [0mSELECT `properties`.* FROM `properties` WHERE (`properties`.agency_id = 5) [0m
  [4;36;1mListing Load (0.2ms)[0m   [0;1mSELECT * FROM `listings` [0m
  [4;35;1mListing Columns (1.5ms)[0m   [0mSHOW FIELDS FROM `listings`[0m
  [4;36;1mProperty Columns (1.3ms)[0m   [0;1mSHOW FIELDS FROM `properties`[0m
  [4;35;1mProperty Load (0.1ms)[0m   [0mSELECT * FROM `properties` WHERE (`properties`.`id` IN (1,2,3)) [0m
  [4;36;1mAgency Load (0.1ms)[0m   [0;1mSELECT * FROM `agencies` WHERE (`agencies`.`id` IN (1,2)) [0m
  [4;35;1mPropertyImage Columns (1.2ms)[0m   [0mSHOW FIELDS FROM `images`[0m
  [4;36;1mPropertyImage Load (0.1ms)[0m   [0;1mSELECT `images`.* FROM `images` WHERE (`images`.`imageable_id` IN (1,2,3) and `images`.`imageable_type` = 'Property') AND ( (`images`.`type` = 'PropertyImage' ) ) ORDER BY position ASC[0m
  [4;35;1mPropertyImage Load (0.1ms)[0m   [0mSELECT * FROM `images` WHERE (`images`.imageable_id = 1 AND `images`.imageable_type = 'Listing') AND ( (`images`.`type` = 'PropertyImage' ) ) ORDER BY position ASC[0m
  [4;36;1mPropertyImage Load (0.1ms)[0m   [0;1mSELECT * FROM `images` WHERE (`images`.imageable_id = 2 AND `images`.imageable_type = 'Listing') AND ( (`images`.`type` = 'PropertyImage' ) ) ORDER BY position ASC[0m
  [4;35;1mPropertyImage Load (0.1ms)[0m   [0mSELECT * FROM `images` WHERE (`images`.imageable_id = 3 AND `images`.imageable_type = 'Listing') AND ( (`images`.`type` = 'PropertyImage' ) ) ORDER BY position ASC[0m
  [4;36;1mPropertyImage Load (0.1ms)[0m   [0;1mSELECT * FROM `images` WHERE (`images`.imageable_id = 4 AND `images`.imageable_type = 'Listing') AND ( (`images`.`type` = 'PropertyImage' ) ) ORDER BY position ASC[0m
  [4;35;1mCACHE (0.0ms)[0m   [0mSELECT * FROM `agencies` ORDER BY agencies.domain = 'localhost' DESC, agencies.subdomain IS NULL DESC, agencies.master_agency = 1 DESC, agencies.id ASC LIMIT 1[0m
  [4;36;1mCACHE (0.0ms)[0m   [0;1mSELECT `properties`.* FROM `properties` WHERE (`properties`.agency_id = 5) [0m
  [4;35;1mListingType Columns (1.0ms)[0m   [0mSHOW FIELDS FROM `listing_types`[0m
  [4;36;1mBarrio Columns (1.6ms)[0m   [0;1mSHOW FIELDS FROM `barrios`[0m
  [4;35;1mCountry Columns (1.1ms)[0m   [0mSHOW FIELDS FROM `countries`[0m
  [4;36;1mCategory Columns (1.1ms)[0m   [0;1mSHOW FIELDS FROM `categories`[0m
  [4;35;1mListing Load (1.6ms)[0m   [0mSELECT `listings`.* FROM `listings` INNER JOIN `category_assignments` ON (`listings`.`id` = `category_assignments`.`category_assignable_id` AND `category_assignments`.`category_assignable_type` = 'Listing') INNER JOIN `categories` ON (`categories`.`id` = `category_assignments`.`category_id`) INNER JOIN `properties` ON `properties`.id = `listings`.property_id INNER JOIN `barrios` ON `barrios`.id = `properties`.barrio_id INNER JOIN `countries` ON `countries`.id = `barrios`.country_id INNER JOIN `listing_types` ON `listing_types`.id = `listings`.listing_type_id WHERE (((categories.name = 'Condos') AND (countries.name = 'Costa Rica')) AND (listing_types.name = 'for sale')) ORDER BY barrios.country_id ASC, barrios.province_id ASC, barrios.name ASC LIMIT 0, 2[0m
Rendering template within layouts/listings
Rendering listings/index
  [4;36;1mListing Load (2.4ms)[0m   [0;1mSELECT `listings`.* FROM `listings` INNER JOIN `category_assignments` ON (`listings`.`id` = `category_assignments`.`category_assignable_id` AND `category_assignments`.`category_assignable_type` = 'Listing') INNER JOIN `categories` ON (`categories`.`id` = `category_assignments`.`category_id`) INNER JOIN `properties` ON `properties`.id = `listings`.property_id INNER JOIN `barrios` ON `barrios`.id = `properties`.barrio_id INNER JOIN `countries` ON `countries`.id = `barrios`.country_id INNER JOIN `listing_types` ON `listing_types`.id = `listings`.listing_type_id WHERE (((categories.name = 'Condos') AND (countries.name = 'Costa Rica')) AND (listing_types.name = 'for sale')) ORDER BY barrios.country_id ASC, barrios.province_id ASC, barrios.name ASC[0m
  [4;35;1mUser Columns (1.8ms)[0m   [0mSHOW FIELDS FROM `users`[0m
Rendered layouts/_user_bar (32.0ms)
  [4;36;1mAgencyLogo Columns (1.1ms)[0m   [0;1mSHOW FIELDS FROM `images`[0m
  [4;35;1mAgencyLogo Load (0.1ms)[0m   [0mSELECT * FROM `images` WHERE (`images`.imageable_id = 5 AND `images`.imageable_type = 'Agency') AND ( (`images`.`type` = 'AgencyLogo' ) ) ORDER BY position ASC[0m
Rendered layouts/_header_small (172.5ms)
  [4;36;1mMarket Load (0.4ms)[0m   [0;1mSELECT `markets`.* FROM `markets` INNER JOIN `countries` ON `countries`.id = `markets`.country_id WHERE (countries.name = NULL) ORDER BY markets.country_id ASC, markets.name ASC[0m
  [4;35;1mFeature Columns (1.0ms)[0m   [0mSHOW FIELDS FROM `features`[0m
  [4;36;1mFeatureAssignment Columns (0.8ms)[0m   [0;1mSHOW FIELDS FROM `feature_assignments`[0m
  [4;35;1mFeature Load Including Associations (22.4ms)[0m   [0mSELECT `features`.`id` AS t0_r0, `features`.`name` AS t0_r1, `features`.`user_defined` AS t0_r2, `features`.`position` AS t0_r3, `features`.`created_at` AS t0_r4, `features`.`updated_at` AS t0_r5, `listing_types`.`id` AS t1_r0, `listing_types`.`name` AS t1_r1, `listing_types`.`created_at` AS t1_r2, `listing_types`.`updated_at` AS t1_r3, `feature_assignments_listing_types`.`id` AS t2_r0, `feature_assignments_listing_types`.`feature_id` AS t2_r1, `feature_assignments_listing_types`.`highlighted_feature` AS t2_r2, `feature_assignments_listing_types`.`feature_assignable_id` AS t2_r3, `feature_assignments_listing_types`.`feature_assignable_type` AS t2_r4, `feature_assignments_listing_types`.`created_at` AS t2_r5, `feature_assignments_listing_types`.`updated_at` AS t2_r6 FROM `features` LEFT OUTER JOIN `feature_assignments` ON (`features`.`id` = `feature_assignments`.`feature_id` AND `feature_assignments`.`feature_assignable_type` = 'ListingType') LEFT OUTER JOIN `listing_types` ON (`listing_types`.`id` = `feature_assignments`.`feature_assignable_id`) LEFT OUTER JOIN `feature_assignments` feature_assignments_listing_types ON `feature_assignments_listing_types`.feature_assignable_id = `listing_types`.id AND `feature_assignments_listing_types`.feature_assignable_type = 'ListingType'WHERE (feature_assignments.highlighted_feature = 1) [0m
  [4;36;1mStyle Load (0.8ms)[0m   [0;1mSELECT `styles`.* FROM `styles` INNER JOIN `style_assignments` ON (`styles`.`id` = `style_assignments`.`style_id` AND `style_assignments`.`style_assignable_type` = 'ListingType') INNER JOIN `listing_types` ON (`listing_types`.`id` = `style_assignments`.`style_assignable_id`) WHERE (listing_types.name = 'for sale') [0m
  [4;35;1mStyle Columns (1.2ms)[0m   [0mSHOW FIELDS FROM `styles`[0m
  [4;36;1mCountry Load (0.1ms)[0m   [0;1mSELECT * FROM `countries` WHERE (`countries`.`id` = 2) [0m
  [4;35;1mAgency Load (0.1ms)[0m   [0mSELECT * FROM `agencies` [0m
Rendered layouts/_site_nav (24.0ms)
Rendered layouts/_footer (0.2ms)
Completed in 773ms (View: 391, DB: 45) | 200 OK [http://localhost/real_estate?search=Costa+Rica--Condos--for+sale]
  [4;36;1mSQL (0.1ms)[0m   [0;1mSET NAMES 'utf8'[0m
  [4;35;1mSQL (0.1ms)[0m   [0mSET SQL_AUTO_IS_NULL=0[0m


Processing AgenciesController#default_logo (for 127.0.0.1 at 2010-01-19 13:07:46) [GET]
  Parameters: {"action"=>"default_logo", "id"=>"BarrioEarth Real Estate", "controller"=>"agencies"}
  [4;36;1mAgency Load (0.2ms)[0m   [0;1mSELECT * FROM `agencies` ORDER BY agencies.domain = 'localhost' DESC, agencies.subdomain IS NULL DESC, agencies.master_agency = 1 DESC, agencies.id ASC LIMIT 1[0m
  [4;35;1mAgency Columns (1.1ms)[0m   [0mSHOW FIELDS FROM `agencies`[0m
  [4;36;1mProperty Load (0.1ms)[0m   [0;1mSELECT `properties`.* FROM `properties` WHERE (`properties`.agency_id = 5) [0m
  [4;35;1mCACHE (0.0ms)[0m   [0mSELECT * FROM `agencies` ORDER BY agencies.domain = 'localhost' DESC, agencies.subdomain IS NULL DESC, agencies.master_agency = 1 DESC, agencies.id ASC LIMIT 1[0m
  [4;36;1mCACHE (0.0ms)[0m   [0;1mSELECT `properties`.* FROM `properties` WHERE (`properties`.agency_id = 5) [0m
  [4;35;1mCACHE (0.0ms)[0m   [0mSELECT * FROM `agencies` ORDER BY agencies.domain = 'localhost' DESC, agencies.subdomain IS NULL DESC, agencies.master_agency = 1 DESC, agencies.id ASC LIMIT 1[0m
  [4;36;1mCACHE (0.0ms)[0m   [0;1mSELECT `properties`.* FROM `properties` WHERE (`properties`.agency_id = 5) [0m
  [4;35;1mSiteText Load (0.1ms)[0m   [0mSELECT * FROM `site_texts` WHERE (`site_texts`.agency_id = 5) [0m
  [4;36;1mCACHE (0.0ms)[0m   [0;1mSELECT * FROM `agencies` ORDER BY agencies.domain = 'localhost' DESC, agencies.subdomain IS NULL DESC, agencies.master_agency = 1 DESC, agencies.id ASC LIMIT 1[0m
  [4;35;1mCACHE (0.0ms)[0m   [0mSELECT `properties`.* FROM `properties` WHERE (`properties`.agency_id = 5) [0m
  [4;36;1mListing Load (0.2ms)[0m   [0;1mSELECT * FROM `listings` [0m
  [4;35;1mListing Columns (1.6ms)[0m   [0mSHOW FIELDS FROM `listings`[0m
  [4;36;1mProperty Columns (1.3ms)[0m   [0;1mSHOW FIELDS FROM `properties`[0m
  [4;35;1mProperty Load (0.1ms)[0m   [0mSELECT * FROM `properties` WHERE (`properties`.`id` IN (1,2,3)) [0m
  [4;36;1mAgency Load (0.2ms)[0m   [0;1mSELECT * FROM `agencies` WHERE (`agencies`.`id` IN (1,2)) [0m
  [4;35;1mPropertyImage Columns (1.2ms)[0m   [0mSHOW FIELDS FROM `images`[0m
  [4;36;1mPropertyImage Load (0.1ms)[0m   [0;1mSELECT `images`.* FROM `images` WHERE (`images`.`imageable_id` IN (1,2,3) and `images`.`imageable_type` = 'Property') AND ( (`images`.`type` = 'PropertyImage' ) ) ORDER BY position ASC[0m
  [4;35;1mPropertyImage Load (0.1ms)[0m   [0mSELECT * FROM `images` WHERE (`images`.imageable_id = 1 AND `images`.imageable_type = 'Listing') AND ( (`images`.`type` = 'PropertyImage' ) ) ORDER BY position ASC[0m
  [4;36;1mPropertyImage Load (0.1ms)[0m   [0;1mSELECT * FROM `images` WHERE (`images`.imageable_id = 2 AND `images`.imageable_type = 'Listing') AND ( (`images`.`type` = 'PropertyImage' ) ) ORDER BY position ASC[0m
  [4;35;1mPropertyImage Load (0.1ms)[0m   [0mSELECT * FROM `images` WHERE (`images`.imageable_id = 3 AND `images`.imageable_type = 'Listing') AND ( (`images`.`type` = 'PropertyImage' ) ) ORDER BY position ASC[0m
  [4;36;1mPropertyImage Load (0.1ms)[0m   [0;1mSELECT * FROM `images` WHERE (`images`.imageable_id = 4 AND `images`.imageable_type = 'Listing') AND ( (`images`.`type` = 'PropertyImage' ) ) ORDER BY position ASC[0m
  [4;35;1mAgency Load (0.1ms)[0m   [0mSELECT * FROM `agencies` WHERE (`agencies`.`name` = 'BarrioEarth Real Estate') LIMIT 1[0m
Rendering agencies/default_logo
Cached page: /agencies/BarrioEarth Real Estate/default_logo.html (0.6ms)
Completed in 431ms (View: 150, DB: 7) | 200 OK [http://localhost/agencies/BarrioEarth%20Real%20Estate/default_logo]
  [4;36;1mSQL (0.1ms)[0m   [0;1mSET NAMES 'utf8'[0m
  [4;35;1mSQL (0.1ms)[0m   [0mSET SQL_AUTO_IS_NULL=0[0m


Processing PropertyImagesController#mini_glider_placeholder (for 127.0.0.1 at 2010-01-19 13:07:47) [GET]
  Parameters: {"action"=>"mini_glider_placeholder", "controller"=>"property_images"}
  [4;36;1mAgency Load (2.2ms)[0m   [0;1mSELECT * FROM `agencies` ORDER BY agencies.domain = 'localhost' DESC, agencies.subdomain IS NULL DESC, agencies.master_agency = 1 DESC, agencies.id ASC LIMIT 1[0m
  [4;35;1mAgency Columns (2.8ms)[0m   [0mSHOW FIELDS FROM `agencies`[0m
  [4;36;1mProperty Load (0.2ms)[0m   [0;1mSELECT `properties`.* FROM `properties` WHERE (`properties`.agency_id = 5) [0m
  [4;35;1mCACHE (0.0ms)[0m   [0mSELECT * FROM `agencies` ORDER BY agencies.domain = 'localhost' DESC, agencies.subdomain IS NULL DESC, agencies.master_agency = 1 DESC, agencies.id ASC LIMIT 1[0m
  [4;36;1mCACHE (0.0ms)[0m   [0;1mSELECT `properties`.* FROM `properties` WHERE (`properties`.agency_id = 5) [0m
  [4;35;1mCACHE (0.0ms)[0m   [0mSELECT * FROM `agencies` ORDER BY agencies.domain = 'localhost' DESC, agencies.subdomain IS NULL DESC, agencies.master_agency = 1 DESC, agencies.id ASC LIMIT 1[0m
  [4;36;1mCACHE (0.0ms)[0m   [0;1mSELECT `properties`.* FROM `properties` WHERE (`properties`.agency_id = 5) [0m
  [4;35;1mSiteText Load (0.1ms)[0m   [0mSELECT * FROM `site_texts` WHERE (`site_texts`.agency_id = 5) [0m
  [4;36;1mCACHE (0.0ms)[0m   [0;1mSELECT * FROM `agencies` ORDER BY agencies.domain = 'localhost' DESC, agencies.subdomain IS NULL DESC, agencies.master_agency = 1 DESC, agencies.id ASC LIMIT 1[0m
  [4;35;1mCACHE (0.0ms)[0m   [0mSELECT `properties`.* FROM `properties` WHERE (`properties`.agency_id = 5) [0m
  [4;36;1mListing Load (0.2ms)[0m   [0;1mSELECT * FROM `listings` [0m
  [4;35;1mListing Columns (1.4ms)[0m   [0mSHOW FIELDS FROM `listings`[0m
  [4;36;1mProperty Columns (1.4ms)[0m   [0;1mSHOW FIELDS FROM `properties`[0m
  [4;35;1mProperty Load (0.1ms)[0m   [0mSELECT * FROM `properties` WHERE (`properties`.`id` IN (1,2,3)) [0m
  [4;36;1mAgency Load (0.1ms)[0m   [0;1mSELECT * FROM `agencies` WHERE (`agencies`.`id` IN (1,2)) [0m
  [4;35;1mPropertyImage Columns (1.2ms)[0m   [0mSHOW FIELDS FROM `images`[0m
  [4;36;1mPropertyImage Load (0.1ms)[0m   [0;1mSELECT `images`.* FROM `images` WHERE (`images`.`imageable_id` IN (1,2,3) and `images`.`imageable_type` = 'Property') AND ( (`images`.`type` = 'PropertyImage' ) ) ORDER BY position ASC[0m
  [4;35;1mPropertyImage Load (0.2ms)[0m   [0mSELECT * FROM `images` WHERE (`images`.imageable_id = 1 AND `images`.imageable_type = 'Listing') AND ( (`images`.`type` = 'PropertyImage' ) ) ORDER BY position ASC[0m
  [4;36;1mPropertyImage Load (0.1ms)[0m   [0;1mSELECT * FROM `images` WHERE (`images`.imageable_id = 2 AND `images`.imageable_type = 'Listing') AND ( (`images`.`type` = 'PropertyImage' ) ) ORDER BY position ASC[0m
  [4;35;1mPropertyImage Load (0.1ms)[0m   [0mSELECT * FROM `images` WHERE (`images`.imageable_id = 3 AND `images`.imageable_type = 'Listing') AND ( (`images`.`type` = 'PropertyImage' ) ) ORDER BY position ASC[0m
  [4;36;1mPropertyImage Load (0.1ms)[0m   [0;1mSELECT * FROM `images` WHERE (`images`.imageable_id = 4 AND `images`.imageable_type = 'Listing') AND ( (`images`.`type` = 'PropertyImage' ) ) ORDER BY position ASC[0m
Rendering property_images/mini_glider_placeholder
Cached page: /property_images/mini_glider_placeholder.html (0.6ms)
Completed in 534ms (View: 374, DB: 11) | 200 OK [http://localhost/property_images/mini_glider_placeholder]
